<?xml version="1.0" encoding="UTF-8"?>
<testsuite xmlns:xsi="http://www.w3.org/2001/XMLSchema-instance" xsi:noNamespaceSchemaLocation="https://maven.apache.org/surefire/maven-surefire-plugin/xsd/surefire-test-report.xsd" name="aspectj.TestAspectj" time="0.047" tests="2" errors="0" skipped="0" failures="0">
  <properties>
[...]
</properties>
  <testcase name="testAspect" classname="aspectj.TestAspectj" time="0.01"/>
  <testcase name="testStudent" classname="aspectj.TestAspectj" time="0.001"/>
</testsuite>